Development Component Build (2018-05-11 12:26:02 GMT+01:00 (CEST))
  Component name: sftplib
  Component vendor: kmd.dk
  SC compartment: KK_SFTPMONITOR
  Configuration: LocalDevelopment
  Location: localDevelopment
  Source code location: Z8QRR@H46328
  DC root folder: C:\Work Related\Workspaces\Scheduler.jdi\LocalDevelopment\KK_SFTPMONITOR\kmd.dk\sftplib\_comp\
  DC type: External Library
  Host: H46328

DC Model check:
   DC is available locally
   validating dependency to build plugin "sap.com/tc/bi/bp/externalarchive"
   DC model check OK

Start build plugin:
   using build plugin: sap.com/tc/bi/bp/externalarchive
   starting build plugin from : C:\Work Related\Workspaces\Scheduler.jdi\LocalDevelopment\SAP_BUILDT\sap.com\tc\bi\bp\externalarchive\_comp\gen\default\public\lib\



Build Plugin 'ExternalArchivePlugin', Version 7.30 SP 16 (NW731CORE_16_REL, built on 2015-03-31 18:46:30 +0200, CL206623)
   development component:  sftplib (kmd.dk)
      software component:  KK_SFTPMONITOR (kmd.dk)
                location:  localDevelopment
                    type:  External Library
           build variant:  default
         source location:  Z8QRR@H46328
         output location:  C:\Work Related\Workspaces\Scheduler.jdi\LocalDevelopment\t2\7225EDB4C53E36B8B8BE500FE4047159\default
       generation folder:  C:\Work Related\Workspaces\Scheduler.jdi\LocalDevelopment\t\7225EDB4C53E36B8B8BE500FE4047159
       plugin start time:  2018-05-11 12:26:02 GMT+02:00 (CEST)
                 Java VM:  Java HotSpot(TM) Client VM, 20.45-b01 (1.6, Sun Microsystems Inc.)


General options:
  convert *.xlf to *.properties: yes
  include sources for debugging: yes
 


Checking path lengths for sources
Path length checks finished in 0.008 seconds
 
Preparing data context..
Data context preparation finished in 0.06 seconds
 
Creating Ant build file..
  Creating output file: C:\Work Related\Workspaces\Scheduler.jdi\LocalDevelopment\t2\7225EDB4C53E36B8B8BE500FE4047159\default\logs\build.xml
  Using Java class:     com.sap.tc.buildplugin.BuildExternalArchive
Target "createPublicParts" has a dependency on "compile" but no such target exists. Dependency will be ignored.
Build file creation finished in 0.76 seconds
 
Starting Ant..
  Using build file:     C:\Work Related\Workspaces\Scheduler.jdi\LocalDevelopment\t2\7225EDB4C53E36B8B8BE500FE4047159\default\logs\build.xml
  Using build target:   build
  Using Ant version:    1.7.1
 
createPublicParts:
  [pppacker] Packing public part 'api'
  [pppacker] Packed   1 file  for entity bcprov-jdk16-1.45.jar (Archive/Java Library)
  [pppacker] Packed   1 file  for entity com.sap.aii.af.lib.mod.jar (Archive/Java Library)
  [pppacker] Packed   1 file  for entity com.sap.aii.af.ms.ifc_api.jar (Archive/Java Library)
  [pppacker] Packed   1 file  for entity com.sap.aii.af.svc_api.jar (Archive/Java Library)
  [pppacker] Packed   1 file  for entity com.sap.security.api.jar (Archive/Java Library)
  [pppacker] Packed   1 file  for entity com.sap.security_2.0.0.150324064358.jar (Archive/Java Library)
  [pppacker] Packed   1 file  for entity com.sap.tc.security.https_2.0.0.150324064358.jar (Archive/Java Library)
  [pppacker] Packed   1 file  for entity jsch-0.1.54.jar (Archive/Java Library)
  [pppacker] Packed   1 file  for entity sap.com_tc_logging_java_impl.jar (Archive/Java Library)
  [pppacker] Packed   1 file  for entity sap.com~tc~je~keystore_api~API.jar (Archive/Java Library)
  [pppacker] Packed 10 entities for public part 'api'
     [timer] Packing of public part 'api' finished in 0.839 seconds
 
  [pppacker] Packing public part 'archives'
  [pppacker] Packed   1 file  for entity bcprov-jdk16-1.45.jar (Archive/Java Library)
  [pppacker] Packed   1 file  for entity com.sap.aii.af.lib.mod.jar (Archive/Java Library)
  [pppacker] Packed   1 file  for entity com.sap.aii.af.ms.ifc_api.jar (Archive/Java Library)
  [pppacker] Packed   1 file  for entity com.sap.aii.af.svc_api.jar (Archive/Java Library)
  [pppacker] Packed   1 file  for entity com.sap.security.api.jar (Archive/Java Library)
  [pppacker] Packed   1 file  for entity com.sap.security_2.0.0.150324064358.jar (Archive/Java Library)
  [pppacker] Packed   1 file  for entity com.sap.tc.security.https_2.0.0.150324064358.jar (Archive/Java Library)
  [pppacker] Packed   1 file  for entity jsch-0.1.54.jar (Archive/Java Library)
  [pppacker] Packed   1 file  for entity sap.com_tc_logging_java_impl.jar (Archive/Java Library)
  [pppacker] Packed   1 file  for entity sap.com~tc~je~keystore_api~API.jar (Archive/Java Library)
  [pppacker] Packed 10 entities for public part 'archives'
     [timer] Packing of public part 'archives' finished in 0.276 seconds
 
 
build:
 
Ant runtime 1.353 seconds
 
Ant build finished OK
 
Build plugin finished at 2018-05-11 12:26:05 GMT+02:00 (CEST)
Total build plugin runtime: 2.622 seconds
 
Build finished OK

==== Post-Processing ====   started at 2018-05-11 12:26:05.436 CEST
Comparison of previous and actual build results took: 0.965 seconds

Copy the build results 
  from: C:\Work Related\Workspaces\Scheduler.jdi\LocalDevelopment\t2\7225EDB4C53E36B8B8BE500FE4047159\default\
  to:   C:\Work Related\Workspaces\Scheduler.jdi\LocalDevelopment\KK_SFTPMONITOR\kmd.dk\sftplib\_comp\gen\default\

The build results of the following public parts were not copied, since they have not changed:
  archives
  api